<?xml version="1.0" encoding="UTF-8"?>
<testsuite xmlns:xsi="http://www.w3.org/2001/XMLSchema-instance" xsi:noNamespaceSchemaLocation="https://maven.apache.org/surefire/maven-surefire-plugin/xsd/surefire-test-report-3.0.xsd" version="3.0" name="io.cucumber.junit.platform.engine.CucumberTestEngine" time="120.678" tests="2" errors="1" skipped="0" failures="1">
  <properties>
[...]
</properties>
  <testcase name="Example #1.1" classname="Exemplos" time="69.8">
    <failure message="expected: &lt;Cart&gt; but was: &lt;Sauce Labs Backpack&gt;" type="org.opentest4j.AssertionFailedError"><![CDATA[org.opentest4j.AssertionFailedError: expected: <Cart> but was: <Sauce Labs Backpack>
	at steps.ComprarProduto.na_tela_do_carrinho_verifico_o_produto_preco_e_quantidade(ComprarProduto.java:144)
	at ✽.na tela do carrinho verifico o "Sauce Labs Backpack" "$ 29.99" e 1(file:///C:/Iterasys/mydemoapp142/src/test/resources/features/ComprarProduto.feature:11)
]]></failure>
    <system-err><![CDATA[nov. 25, 2024 11:27:14 PM io.cucumber.junit.platform.engine.DiscoverySelectorResolver warnWhenCucumberFeaturesPropertyIsUsed
WARNING: Discovering tests using the cucumber.features property. Other discovery selectors are ignored!

This is a work around for the limited JUnit 5 support in Maven and Gradle. Please request/upvote/sponsor/ect better support for JUnit 5 discovery selectors. For details see: https://github.com/cucumber/cucumber-jvm/pull/2498

If you are using the JUnit 5 Suite Engine, Platform Launcher API or Console Launcher you should not use this property. Please consult the JUnit 5 documentation on test selection.
]]></system-err>
  </testcase>
  <testcase name="Example #1.2" classname="Exemplos" time="50.773">
    <error message="An element could not be located on the page using the given search parameters.&#10;For documentation on this error, please visit: https://www.selenium.dev/documentation/webdriver/troubleshooting/errors#no-such-element-exception&#10;Build info: version: &apos;4.27.0&apos;, revision: &apos;d6e718d134&apos;&#10;System info: os.name: &apos;Windows 10&apos;, os.arch: &apos;amd64&apos;, os.version: &apos;10.0&apos;, java.version: &apos;15.0.2&apos;&#10;Driver info: io.appium.java_client.android.AndroidDriver&#10;Command: [2a970712408a4417811ba6eb2c0d76bb, findElement {using=xpath, value=//android.widget.TextView[@content-desc=&quot;Product Title&quot; and @text=&quot;Sauce Labs Bike Light&quot;]}]&#10;Capabilities {appium:app: /tmp/tmpASLuUt/mda-2.2.0-25..., appium:appActivity: com.saucelabs.mydemoapp.and..., appium:appPackage: com.saucelabs.mydemoapp.and..., appium:automationName: UiAutomator2, appium:chromeOptions: {args: [--disable-fre, --disable-popup-blocking, --enable-automation, --enable-remote-debugging, --ignore-certificate-errors, --metrics-recording-only, --no-first-run, --disable-search-geolocatio..., --disable-gpu-rasterization, --ignore-certificate-errors...], w3c: false}, appium:connectHardwareKeyboard: true, appium:databaseEnabled: false, appium:desired: {app: /tmp/tmpASLuUt/mda-2.2.0-25..., appActivity: com.saucelabs.mydemoapp.and..., appPackage: com.saucelabs.mydemoapp.and..., automationName: UiAutomator2, browserName: , chromeOptions: {args: [--disable-fre, --disable-popup-blocking, --enable-automation, --enable-remote-debugging, --ignore-certificate-errors, --metrics-recording-only, --no-first-run, --disable-search-geolocatio..., --disable-gpu-rasterization, --ignore-certificate-errors...], w3c: false}, connectHardwareKeyboard: true, deviceName: Samsung Galaxy S9 FHD Googl..., deviceOrientation: portrait, ensureWebviewsHavePages: true, eventTimings: true, maxTypingFrequency: 8, nativeWebScreenshot: true, newCommandTimeout: 3600, noReset: true, noSign:noSign: true, orientation: PORTRAIT, platformName: ANDROID, platformVersion: 9.0, proxy: {proxyAutoconfigUrl: http://127.0.0.1:19876/pac.js, proxyType: pac}, selenium:webdriver.remote.quietExceptions: false, udid: emulator-5554}, appium:deviceApiLevel: 28, appium:deviceManufacturer: Google, appium:deviceModel: Android SDK built for x86_64, appium:deviceName: emulator-5554, appium:deviceOrientation: portrait, appium:deviceScreenDensity: 480, appium:deviceScreenSize: 1080x2220, appium:deviceUDID: emulator-5554, appium:ensureWebviewsHavePages: true, appium:eventTimings: true, appium:javascriptEnabled: true, appium:locationContextEnabled: false, appium:maxTypingFrequency: 8, appium:nativeWebScreenshot: true, appium:networkConnectionEnabled: true, appium:newCommandTimeout: 3600, appium:noReset: true, appium:orientation: PORTRAIT, appium:pixelRatio: 3, appium:platformVersion: 9, appium:statBarHeight: 72, appium:takesScreenshot: true, appium:udid: emulator-5554, appium:viewportRect: {height: 2004, left: 0, top: 72, width: 1080}, appium:warnings: {}, appium:webStorageEnabled: false, noSign:noSign: true, platformName: ANDROID, proxy: Proxy(pac: http://127.0.0.1..., selenium:webdriver.remote.quietExceptions: false}&#10;Session ID: 2a970712408a4417811ba6eb2c0d76bb" type="org.openqa.selenium.NoSuchElementException"><![CDATA[org.openqa.selenium.NoSuchElementException: 
An element could not be located on the page using the given search parameters.
For documentation on this error, please visit: https://www.selenium.dev/documentation/webdriver/troubleshooting/errors#no-such-element-exception
Build info: version: '4.27.0', revision: 'd6e718d134'
System info: os.name: 'Windows 10', os.arch: 'amd64', os.version: '10.0', java.version: '15.0.2'
Driver info: io.appium.java_client.android.AndroidDriver
Command: [2a970712408a4417811ba6eb2c0d76bb, findElement {using=xpath, value=//android.widget.TextView[@content-desc="Product Title" and @text="Sauce Labs Bike Light"]}]
Capabilities {appium:app: /tmp/tmpASLuUt/mda-2.2.0-25..., appium:appActivity: com.saucelabs.mydemoapp.and..., appium:appPackage: com.saucelabs.mydemoapp.and..., appium:automationName: UiAutomator2, appium:chromeOptions: {args: [--disable-fre, --disable-popup-blocking, --enable-automation, --enable-remote-debugging, --ignore-certificate-errors, --metrics-recording-only, --no-first-run, --disable-search-geolocatio..., --disable-gpu-rasterization, --ignore-certificate-errors...], w3c: false}, appium:connectHardwareKeyboard: true, appium:databaseEnabled: false, appium:desired: {app: /tmp/tmpASLuUt/mda-2.2.0-25..., appActivity: com.saucelabs.mydemoapp.and..., appPackage: com.saucelabs.mydemoapp.and..., automationName: UiAutomator2, browserName: , chromeOptions: {args: [--disable-fre, --disable-popup-blocking, --enable-automation, --enable-remote-debugging, --ignore-certificate-errors, --metrics-recording-only, --no-first-run, --disable-search-geolocatio..., --disable-gpu-rasterization, --ignore-certificate-errors...], w3c: false}, connectHardwareKeyboard: true, deviceName: Samsung Galaxy S9 FHD Googl..., deviceOrientation: portrait, ensureWebviewsHavePages: true, eventTimings: true, maxTypingFrequency: 8, nativeWebScreenshot: true, newCommandTimeout: 3600, noReset: true, noSign:noSign: true, orientation: PORTRAIT, platformName: ANDROID, platformVersion: 9.0, proxy: {proxyAutoconfigUrl: http://127.0.0.1:19876/pac.js, proxyType: pac}, selenium:webdriver.remote.quietExceptions: false, udid: emulator-5554}, appium:deviceApiLevel: 28, appium:deviceManufacturer: Google, appium:deviceModel: Android SDK built for x86_64, appium:deviceName: emulator-5554, appium:deviceOrientation: portrait, appium:deviceScreenDensity: 480, appium:deviceScreenSize: 1080x2220, appium:deviceUDID: emulator-5554, appium:ensureWebviewsHavePages: true, appium:eventTimings: true, appium:javascriptEnabled: true, appium:locationContextEnabled: false, appium:maxTypingFrequency: 8, appium:nativeWebScreenshot: true, appium:networkConnectionEnabled: true, appium:newCommandTimeout: 3600, appium:noReset: true, appium:orientation: PORTRAIT, appium:pixelRatio: 3, appium:platformVersion: 9, appium:statBarHeight: 72, appium:takesScreenshot: true, appium:udid: emulator-5554, appium:viewportRect: {height: 2004, left: 0, top: 72, width: 1080}, appium:warnings: {}, appium:webStorageEnabled: false, noSign:noSign: true, platformName: ANDROID, proxy: Proxy(pac: http://127.0.0.1..., selenium:webdriver.remote.quietExceptions: false}
Session ID: 2a970712408a4417811ba6eb2c0d76bb
	at java.base/java.lang.reflect.Constructor.newInstanceWithCaller(Constructor.java:500)
	at java.base/java.lang.reflect.Constructor.newInstance(Constructor.java:481)
	at org.openqa.selenium.remote.ErrorCodec.decode(ErrorCodec.java:167)
	at org.openqa.selenium.remote.codec.w3c.W3CHttpResponseCodec.decode(W3CHttpResponseCodec.java:138)
	at org.openqa.selenium.remote.codec.w3c.W3CHttpResponseCodec.decode(W3CHttpResponseCodec.java:50)
	at org.openqa.selenium.remote.HttpCommandExecutor.execute(HttpCommandExecutor.java:190)
	at io.appium.java_client.remote.AppiumCommandExecutor.execute(AppiumCommandExecutor.java:237)
	at org.openqa.selenium.remote.RemoteWebDriver.execute(RemoteWebDriver.java:545)
	at org.openqa.selenium.remote.ElementLocation$ElementFinder$2.findElement(ElementLocation.java:165)
	at org.openqa.selenium.remote.ElementLocation.findElement(ElementLocation.java:59)
	at org.openqa.selenium.remote.RemoteWebDriver.findElement(RemoteWebDriver.java:368)
	at org.openqa.selenium.remote.RemoteWebDriver.findElement(RemoteWebDriver.java:362)
	at steps.ComprarProduto.localizo_o_que_esta_por(ComprarProduto.java:85)
	at ✽.localizo o "Sauce Labs Bike Light" que esta na posicao 6 por "$ 9.99"(file:///C:/Iterasys/mydemoapp142/src/test/resources/features/ComprarProduto.feature:7)
]]></error>
  </testcase>
</testsuite>